# JRE version: Java(TM) SE Runtime Environment (8.0_171-b11) (build 1.8.0_171-b11)
# Java VM: Java HotSpot(TM) 64-Bit Server VM (25.171-b11 mixed mode windows-amd64 compressed oops)
Heap:
 PSYoungGen      total 153600K, used 21824K [0x00000000eab00000, 0x00000000f5700000, 0x0000000100000000)
  eden space 139776K, 6% used [0x00000000eab00000,0x00000000eb379248,0x00000000f3380000)
  from space 13824K, 95% used [0x00000000f3380000,0x00000000f4056f88,0x00000000f4100000)
  to   space 13824K, 0% used [0x00000000f4100000,0x00000000f4100000,0x00000000f4e80000)
 ParOldGen       total 124928K, used 43180K [0x00000000c0000000, 0x00000000c7a00000, 0x00000000eab00000)
  object space 124928K, 34% used [0x00000000c0000000,0x00000000c2a2b218,0x00000000c7a00000)
 Metaspace       used 74418K, capacity 76162K, committed 76456K, reserved 1116160K
  class space    used 9898K, capacity 10361K, committed 10416K, reserved 1048576K
GC Heap History (10 events):
Event: 47.891 GC heap before
{Heap before GC invocations=18 (full 3):
 PSYoungGen      total 120832K, used 110080K [0x00000000eab00000, 0x00000000f2e00000, 0x0000000100000000)
  eden space 110080K, 100% used [0x00000000eab00000,0x00000000f1680000,0x00000000f1680000)
  from space 10752K, 0% used [0x00000000f2180000,0x00000000f2180000,0x00000000f2c00000)
  to   space 11264K, 0% used [0x00000000f1680000,0x00000000f1680000,0x00000000f2180000)
 ParOldGen       total 124928K, used 35286K [0x00000000c0000000, 0x00000000c7a00000, 0x00000000eab00000)
  object space 124928K, 28% used [0x00000000c0000000,0x00000000c2275b98,0x00000000c7a00000)
 Metaspace       used 64463K, capacity 65964K, committed 66216K, reserved 1105920K
  class space    used 8847K, capacity 9288K, committed 9392K, reserved 1048576K
Event: 47.919 GC heap after
Heap after GC invocations=18 (full 3):
 PSYoungGen      total 121344K, used 11260K [0x00000000eab00000, 0x00000000f4380000, 0x0000000100000000)
  eden space 110080K, 0% used [0x00000000eab00000,0x00000000eab00000,0x00000000f1680000)
  from space 11264K, 99% used [0x00000000f1680000,0x00000000f217f1f8,0x00000000f2180000)
  to   space 12800K, 0% used [0x00000000f3700000,0x00000000f3700000,0x00000000f4380000)
 ParOldGen       total 124928K, used 36234K [0x00000000c0000000, 0x00000000c7a00000, 0x00000000eab00000)
  object space 124928K, 29% used [0x00000000c0000000,0x00000000c2362a48,0x00000000c7a00000)
 Metaspace       used 64463K, capacity 65964K, committed 66216K, reserved 1105920K
  class space    used 8847K, capacity 9288K, committed 9392K, reserved 1048576K
}
Event: 55.864 GC heap before
{Heap before GC invocations=19 (full 3):
 PSYoungGen      total 121344K, used 121340K [0x00000000eab00000, 0x00000000f4380000, 0x0000000100000000)
  eden space 110080K, 100% used [0x00000000eab00000,0x00000000f1680000,0x00000000f1680000)
  from space 11264K, 99% used [0x00000000f1680000,0x00000000f217f1f8,0x00000000f2180000)
  to   space 12800K, 0% used [0x00000000f3700000,0x00000000f3700000,0x00000000f4380000)
 ParOldGen       total 124928K, used 36234K [0x00000000c0000000, 0x00000000c7a00000, 0x00000000eab00000)
  object space 124928K, 29% used [0x00000000c0000000,0x00000000c2362a48,0x00000000c7a00000)
 Metaspace       used 66338K, capacity 67924K, committed 68136K, reserved 1107968K
  class space    used 9022K, capacity 9478K, committed 9520K, reserved 1048576K
Event: 55.893 GC heap after
Heap after GC invocations=19 (full 3):
 PSYoungGen      total 140800K, used 12132K [0x00000000eab00000, 0x00000000f4400000, 0x0000000100000000)
  eden space 128000K, 0% used [0x00000000eab00000,0x00000000eab00000,0x00000000f2800000)
  from space 12800K, 94% used [0x00000000f3700000,0x00000000f42d9360,0x00000000f4380000)
  to   space 14336K, 0% used [0x00000000f2800000,0x00000000f2800000,0x00000000f3600000)
 ParOldGen       total 124928K, used 43164K [0x00000000c0000000, 0x00000000c7a00000, 0x00000000eab00000)
  object space 124928K, 34% used [0x00000000c0000000,0x00000000c2a27218,0x00000000c7a00000)
 Metaspace       used 66338K, capacity 67924K, committed 68136K, reserved 1107968K
  class space    used 9022K, capacity 9478K, committed 9520K, reserved 1048576K
}
Event: 67.338 GC heap before
{Heap before GC invocations=20 (full 3):
 PSYoungGen      total 140800K, used 140132K [0x00000000eab00000, 0x00000000f4400000, 0x0000000100000000)
  eden space 128000K, 100% used [0x00000000eab00000,0x00000000f2800000,0x00000000f2800000)
  from space 12800K, 94% used [0x00000000f3700000,0x00000000f42d9360,0x00000000f4380000)
  to   space 14336K, 0% used [0x00000000f2800000,0x00000000f2800000,0x00000000f3600000)
 ParOldGen       total 124928K, used 43164K [0x00000000c0000000, 0x00000000c7a00000, 0x00000000eab00000)
  object space 124928K, 34% used [0x00000000c0000000,0x00000000c2a27218,0x00000000c7a00000)
 Metaspace       used 68450K, capacity 70076K, committed 70184K, reserved 1110016K
  class space    used 9234K, capacity 9720K, committed 9776K, reserved 1048576K
Event: 67.353 GC heap after
Heap after GC invocations=20 (full 3):
 PSYoungGen      total 142336K, used 5641K [0x00000000eab00000, 0x00000000f4e80000, 0x0000000100000000)
  eden space 128000K, 0% used [0x00000000eab00000,0x00000000eab00000,0x00000000f2800000)
  from space 14336K, 39% used [0x00000000f2800000,0x00000000f2d82778,0x00000000f3600000)
  to   space 13824K, 0% used [0x00000000f4100000,0x00000000f4100000,0x00000000f4e80000)
 ParOldGen       total 124928K, used 43172K [0x00000000c0000000, 0x00000000c7a00000, 0x00000000eab00000)
  object space 124928K, 34% used [0x00000000c0000000,0x00000000c2a29218,0x00000000c7a00000)
 Metaspace       used 68450K, capacity 70076K, committed 70184K, reserved 1110016K
  class space    used 9234K, capacity 9720K, committed 9776K, reserved 1048576K
}
Event: 67.837 GC heap before
{Heap before GC invocations=21 (full 3):
 PSYoungGen      total 142336K, used 133641K [0x00000000eab00000, 0x00000000f4e80000, 0x0000000100000000)
  eden space 128000K, 100% used [0x00000000eab00000,0x00000000f2800000,0x00000000f2800000)
  from space 14336K, 39% used [0x00000000f2800000,0x00000000f2d82778,0x00000000f3600000)
  to   space 13824K, 0% used [0x00000000f4100000,0x00000000f4100000,0x00000000f4e80000)
 ParOldGen       total 124928K, used 43172K [0x00000000c0000000, 0x00000000c7a00000, 0x00000000eab00000)
  object space 124928K, 34% used [0x00000000c0000000,0x00000000c2a29218,0x00000000c7a00000)
 Metaspace       used 68455K, capacity 70076K, committed 70184K, reserved 1110016K
  class space    used 9235K, capacity 9720K, committed 9776K, reserved 1048576K
Event: 67.860 GC heap after
Heap after GC invocations=21 (full 3):
 PSYoungGen      total 153600K, used 4708K [0x00000000eab00000, 0x00000000f5700000, 0x0000000100000000)
  eden space 139776K, 0% used [0x00000000eab00000,0x00000000eab00000,0x00000000f3380000)
  from space 13824K, 34% used [0x00000000f4100000,0x00000000f4599070,0x00000000f4e80000)
  to   space 13824K, 0% used [0x00000000f3380000,0x00000000f3380000,0x00000000f4100000)
 ParOldGen       total 124928K, used 43172K [0x00000000c0000000, 0x00000000c7a00000, 0x00000000eab00000)
  object space 124928K, 34% used [0x00000000c0000000,0x00000000c2a29218,0x00000000c7a00000)
 Metaspace       used 68455K, capacity 70076K, committed 70184K, reserved 1110016K
  class space    used 9235K, capacity 9720K, committed 9776K, reserved 1048576K
}
Event: 74.196 GC heap before
{Heap before GC invocations=22 (full 3):
 PSYoungGen      total 153600K, used 144484K [0x00000000eab00000, 0x00000000f5700000, 0x0000000100000000)
  eden space 139776K, 100% used [0x00000000eab00000,0x00000000f3380000,0x00000000f3380000)
  from space 13824K, 34% used [0x00000000f4100000,0x00000000f4599070,0x00000000f4e80000)
  to   space 13824K, 0% used [0x00000000f3380000,0x00000000f3380000,0x00000000f4100000)
 ParOldGen       total 124928K, used 43172K [0x00000000c0000000, 0x00000000c7a00000, 0x00000000eab00000)
  object space 124928K, 34% used [0x00000000c0000000,0x00000000c2a29218,0x00000000c7a00000)
 Metaspace       used 74417K, capacity 76162K, committed 76456K, reserved 1116160K
  class space    used 9898K, capacity 10361K, committed 10416K, reserved 1048576K
Event: 74.246 GC heap after
Heap after GC invocations=22 (full 3):
 PSYoungGen      total 153600K, used 13147K [0x00000000eab00000, 0x00000000f5700000, 0x0000000100000000)
  eden space 139776K, 0% used [0x00000000eab00000,0x00000000eab00000,0x00000000f3380000)
  from space 13824K, 95% used [0x00000000f3380000,0x00000000f4056f88,0x00000000f4100000)
  to   space 13824K, 0% used [0x00000000f4100000,0x00000000f4100000,0x00000000f4e80000)
 ParOldGen       total 124928K, used 43180K [0x00000000c0000000, 0x00000000c7a00000, 0x00000000eab00000)
  object space 124928K, 34% used [0x00000000c0000000,0x00000000c2a2b218,0x00000000c7a00000)
 Metaspace       used 74417K, capacity 76162K, committed 76456K, reserved 1116160K
  class space    used 9898K, capacity 10361K, committed 10416K, reserved 1048576K
}

