# JRE version: Java(TM) SE Runtime Environment (8.0_171-b11) (build 1.8.0_171-b11)
# Java VM: Java HotSpot(TM) 64-Bit Server VM (25.171-b11 mixed mode windows-amd64 compressed oops)
Heap:
 PSYoungGen      total 228352K, used 154114K [0x00000000eab00000, 0x00000000fac00000, 0x0000000100000000)
  eden space 193536K, 62% used [0x00000000eab00000,0x00000000f21c5ef8,0x00000000f6800000)
  from space 34816K, 93% used [0x00000000f6800000,0x00000000f87bace8,0x00000000f8a00000)
  to   space 32256K, 0% used [0x00000000f8c80000,0x00000000f8c80000,0x00000000fac00000)
 ParOldGen       total 97792K, used 69925K [0x00000000c0000000, 0x00000000c5f80000, 0x00000000eab00000)
  object space 97792K, 71% used [0x00000000c0000000,0x00000000c4449618,0x00000000c5f80000)
 Metaspace       used 84274K, capacity 86548K, committed 86696K, reserved 1128448K
  class space    used 10809K, capacity 11318K, committed 11440K, reserved 1048576K
GC Heap History (10 events):
Event: 15.005 GC heap before
{Heap before GC invocations=14 (full 3):
 PSYoungGen      total 187392K, used 170496K [0x00000000eab00000, 0x00000000f8380000, 0x0000000100000000)
  eden space 170496K, 100% used [0x00000000eab00000,0x00000000f5180000,0x00000000f5180000)
  from space 16896K, 0% used [0x00000000f6700000,0x00000000f6700000,0x00000000f7780000)
  to   space 22016K, 0% used [0x00000000f5180000,0x00000000f5180000,0x00000000f6700000)
 ParOldGen       total 97792K, used 37906K [0x00000000c0000000, 0x00000000c5f80000, 0x00000000eab00000)
  object space 97792K, 38% used [0x00000000c0000000,0x00000000c25048a8,0x00000000c5f80000)
 Metaspace       used 66922K, capacity 68384K, committed 68648K, reserved 1107968K
  class space    used 9076K, capacity 9502K, committed 9520K, reserved 1048576K
Event: 15.063 GC heap after
Heap after GC invocations=14 (full 3):
 PSYoungGen      total 192512K, used 22008K [0x00000000eab00000, 0x00000000f8380000, 0x0000000100000000)
  eden space 170496K, 0% used [0x00000000eab00000,0x00000000eab00000,0x00000000f5180000)
  from space 22016K, 99% used [0x00000000f5180000,0x00000000f66fe328,0x00000000f6700000)
  to   space 16896K, 0% used [0x00000000f6700000,0x00000000f6700000,0x00000000f7780000)
 ParOldGen       total 97792K, used 42313K [0x00000000c0000000, 0x00000000c5f80000, 0x00000000eab00000)
  object space 97792K, 43% used [0x00000000c0000000,0x00000000c2952500,0x00000000c5f80000)
 Metaspace       used 66922K, capacity 68384K, committed 68648K, reserved 1107968K
  class space    used 9076K, capacity 9502K, committed 9520K, reserved 1048576K
}
Event: 18.301 GC heap before
{Heap before GC invocations=15 (full 3):
 PSYoungGen      total 192512K, used 192504K [0x00000000eab00000, 0x00000000f8380000, 0x0000000100000000)
  eden space 170496K, 100% used [0x00000000eab00000,0x00000000f5180000,0x00000000f5180000)
  from space 22016K, 99% used [0x00000000f5180000,0x00000000f66fe328,0x00000000f6700000)
  to   space 16896K, 0% used [0x00000000f6700000,0x00000000f6700000,0x00000000f7780000)
 ParOldGen       total 97792K, used 42313K [0x00000000c0000000, 0x00000000c5f80000, 0x00000000eab00000)
  object space 97792K, 43% used [0x00000000c0000000,0x00000000c2952500,0x00000000c5f80000)
 Metaspace       used 69253K, capacity 70888K, committed 70952K, reserved 1110016K
  class space    used 9323K, capacity 9770K, committed 9776K, reserved 1048576K
Event: 18.379 GC heap after
Heap after GC invocations=15 (full 3):
 PSYoungGen      total 187392K, used 16885K [0x00000000eab00000, 0x00000000f8380000, 0x0000000100000000)
  eden space 170496K, 0% used [0x00000000eab00000,0x00000000eab00000,0x00000000f5180000)
  from space 16896K, 99% used [0x00000000f6700000,0x00000000f777d540,0x00000000f7780000)
  to   space 22016K, 0% used [0x00000000f5180000,0x00000000f5180000,0x00000000f6700000)
 ParOldGen       total 97792K, used 63973K [0x00000000c0000000, 0x00000000c5f80000, 0x00000000eab00000)
  object space 97792K, 65% used [0x00000000c0000000,0x00000000c3e79678,0x00000000c5f80000)
 Metaspace       used 69253K, capacity 70888K, committed 70952K, reserved 1110016K
  class space    used 9323K, capacity 9770K, committed 9776K, reserved 1048576K
}
Event: 70.210 GC heap before
{Heap before GC invocations=16 (full 3):
 PSYoungGen      total 187392K, used 187381K [0x00000000eab00000, 0x00000000f8380000, 0x0000000100000000)
  eden space 170496K, 100% used [0x00000000eab00000,0x00000000f5180000,0x00000000f5180000)
  from space 16896K, 99% used [0x00000000f6700000,0x00000000f777d540,0x00000000f7780000)
  to   space 22016K, 0% used [0x00000000f5180000,0x00000000f5180000,0x00000000f6700000)
 ParOldGen       total 97792K, used 63973K [0x00000000c0000000, 0x00000000c5f80000, 0x00000000eab00000)
  object space 97792K, 65% used [0x00000000c0000000,0x00000000c3e79678,0x00000000c5f80000)
 Metaspace       used 73979K, capacity 75758K, committed 75944K, reserved 1116160K
  class space    used 9667K, capacity 10097K, committed 10160K, reserved 1048576K
Event: 70.234 GC heap after
Heap after GC invocations=16 (full 3):
 PSYoungGen      total 192512K, used 12715K [0x00000000eab00000, 0x00000000fad00000, 0x0000000100000000)
  eden space 170496K, 0% used [0x00000000eab00000,0x00000000eab00000,0x00000000f5180000)
  from space 22016K, 57% used [0x00000000f5180000,0x00000000f5deaee0,0x00000000f6700000)
  to   space 33280K, 0% used [0x00000000f8c80000,0x00000000f8c80000,0x00000000fad00000)
 ParOldGen       total 97792K, used 69909K [0x00000000c0000000, 0x00000000c5f80000, 0x00000000eab00000)
  object space 97792K, 71% used [0x00000000c0000000,0x00000000c4445618,0x00000000c5f80000)
 Metaspace       used 73979K, capacity 75758K, committed 75944K, reserved 1116160K
  class space    used 9667K, capacity 10097K, committed 10160K, reserved 1048576K
}
Event: 79.484 GC heap before
{Heap before GC invocations=17 (full 3):
 PSYoungGen      total 192512K, used 183211K [0x00000000eab00000, 0x00000000fad00000, 0x0000000100000000)
  eden space 170496K, 100% used [0x00000000eab00000,0x00000000f5180000,0x00000000f5180000)
  from space 22016K, 57% used [0x00000000f5180000,0x00000000f5deaee0,0x00000000f6700000)
  to   space 33280K, 0% used [0x00000000f8c80000,0x00000000f8c80000,0x00000000fad00000)
 ParOldGen       total 97792K, used 69909K [0x00000000c0000000, 0x00000000c5f80000, 0x00000000eab00000)
  object space 97792K, 71% used [0x00000000c0000000,0x00000000c4445618,0x00000000c5f80000)
 Metaspace       used 76124K, capacity 77992K, committed 78248K, reserved 1118208K
  class space    used 9845K, capacity 10302K, committed 10416K, reserved 1048576K
Event: 79.515 GC heap after
Heap after GC invocations=17 (full 3):
 PSYoungGen      total 225792K, used 22784K [0x00000000eab00000, 0x00000000fac00000, 0x0000000100000000)
  eden space 193536K, 0% used [0x00000000eab00000,0x00000000eab00000,0x00000000f6800000)
  from space 32256K, 70% used [0x00000000f8c80000,0x00000000fa2c0218,0x00000000fac00000)
  to   space 34816K, 0% used [0x00000000f6800000,0x00000000f6800000,0x00000000f8a00000)
 ParOldGen       total 97792K, used 69917K [0x00000000c0000000, 0x00000000c5f80000, 0x00000000eab00000)
  object space 97792K, 71% used [0x00000000c0000000,0x00000000c4447618,0x00000000c5f80000)
 Metaspace       used 76124K, capacity 77992K, committed 78248K, reserved 1118208K
  class space    used 9845K, capacity 10302K, committed 10416K, reserved 1048576K
}
Event: 81.174 GC heap before
{Heap before GC invocations=18 (full 3):
 PSYoungGen      total 225792K, used 216320K [0x00000000eab00000, 0x00000000fac00000, 0x0000000100000000)
  eden space 193536K, 100% used [0x00000000eab00000,0x00000000f6800000,0x00000000f6800000)
  from space 32256K, 70% used [0x00000000f8c80000,0x00000000fa2c0218,0x00000000fac00000)
  to   space 34816K, 0% used [0x00000000f6800000,0x00000000f6800000,0x00000000f8a00000)
 ParOldGen       total 97792K, used 69917K [0x00000000c0000000, 0x00000000c5f80000, 0x00000000eab00000)
  object space 97792K, 71% used [0x00000000c0000000,0x00000000c4447618,0x00000000c5f80000)
 Metaspace       used 76616K, capacity 78528K, committed 78760K, reserved 1118208K
  class space    used 9909K, capacity 10378K, committed 10416K, reserved 1048576K
Event: 81.218 GC heap after
Heap after GC invocations=18 (full 3):
 PSYoungGen      total 228352K, used 32491K [0x00000000eab00000, 0x00000000fac00000, 0x0000000100000000)
  eden space 193536K, 0% used [0x00000000eab00000,0x00000000eab00000,0x00000000f6800000)
  from space 34816K, 93% used [0x00000000f6800000,0x00000000f87bace8,0x00000000f8a00000)
  to   space 32256K, 0% used [0x00000000f8c80000,0x00000000f8c80000,0x00000000fac00000)
 ParOldGen       total 97792K, used 69925K [0x00000000c0000000, 0x00000000c5f80000, 0x00000000eab00000)
  object space 97792K, 71% used [0x00000000c0000000,0x00000000c4449618,0x00000000c5f80000)
 Metaspace       used 76616K, capacity 78528K, committed 78760K, reserved 1118208K
  class space    used 9909K, capacity 10378K, committed 10416K, reserved 1048576K
}

